0 info it worked if it ends with ok
1 verbose cli [ 'C:\\Users\\supun\\Documents\\node.exe',
1 verbose cli   'C:\\Users\\supun\\Documents\\node_modules\\npm\\bin\\npm-cli.js',
1 verbose cli   'install',
1 verbose cli   'mongoose@4.10.8',
1 verbose cli   '--save' ]
2 info using npm@3.10.10
3 info using node@v6.10.2
4 silly loadCurrentTree Starting
5 silly install loadCurrentTree
6 silly install readLocalPackageData
7 silly fetchPackageMetaData mongoose@4.10.8
8 silly fetchNamedPackageData mongoose
9 silly mapToRegistry name mongoose
10 silly mapToRegistry using default registry
11 silly mapToRegistry registry https://registry.npmjs.org/
12 silly mapToRegistry data Result {
12 silly mapToRegistry   raw: 'mongoose',
12 silly mapToRegistry   scope: null,
12 silly mapToRegistry   escapedName: 'mongoose',
12 silly mapToRegistry   name: 'mongoose',
12 silly mapToRegistry   rawSpec: '',
12 silly mapToRegistry   spec: 'latest',
12 silly mapToRegistry   type: 'tag' }
13 silly mapToRegistry uri https://registry.npmjs.org/mongoose
14 verbose request uri https://registry.npmjs.org/mongoose
15 verbose request no auth needed
16 info attempt registry request try #1 at 2:56:03 PM
17 verbose request id 8c41f9d0bd8f786d
18 verbose etag W/"596203b1-9a554"
19 verbose lastModified Sun, 09 Jul 2017 10:21:37 GMT
20 http request GET https://registry.npmjs.org/mongoose
21 http 304 https://registry.npmjs.org/mongoose
22 verbose headers { date: 'Wed, 12 Jul 2017 09:26:03 GMT',
22 verbose headers   via: '1.1 varnish',
22 verbose headers   'cache-control': 'max-age=300',
22 verbose headers   etag: 'W/"596203b1-9a554"',
22 verbose headers   age: '23',
22 verbose headers   connection: 'keep-alive',
22 verbose headers   'x-served-by': 'cache-cdg8727-CDG',
22 verbose headers   'x-cache': 'HIT',
22 verbose headers   'x-cache-hits': '1',
22 verbose headers   'x-timer': 'S1499851564.667171,VS0,VE0',
22 verbose headers   vary: 'Accept-Encoding, Accept' }
23 silly get cb [ 304,
23 silly get   { date: 'Wed, 12 Jul 2017 09:26:03 GMT',
23 silly get     via: '1.1 varnish',
23 silly get     'cache-control': 'max-age=300',
23 silly get     etag: 'W/"596203b1-9a554"',
23 silly get     age: '23',
23 silly get     connection: 'keep-alive',
23 silly get     'x-served-by': 'cache-cdg8727-CDG',
23 silly get     'x-cache': 'HIT',
23 silly get     'x-cache-hits': '1',
23 silly get     'x-timer': 'S1499851564.667171,VS0,VE0',
23 silly get     vary: 'Accept-Encoding, Accept' } ]
24 verbose etag https://registry.npmjs.org/mongoose from cache
25 verbose get saving mongoose to C:\Users\supun\AppData\Roaming\npm-cache\registry.npmjs.org\mongoose\.cache.json
26 verbose correctMkdir C:\Users\supun\AppData\Roaming\npm-cache correctMkdir not in flight; initializing
27 silly install normalizeTree
28 silly loadCurrentTree Finishing
29 silly loadIdealTree Starting
30 silly install loadIdealTree
31 silly cloneCurrentTree Starting
32 silly install cloneCurrentTreeToIdealTree
33 silly cloneCurrentTree Finishing
34 silly loadShrinkwrap Starting
35 silly install loadShrinkwrap
36 silly loadShrinkwrap Finishing
37 silly loadAllDepsIntoIdealTree Starting
38 silly install loadAllDepsIntoIdealTree
39 silly resolveWithNewModule mongoose@4.10.8 checking installable status
40 silly cache add args [ 'mongoose@4.10.8', null ]
41 verbose cache add spec mongoose@4.10.8
42 silly cache add parsed spec Result {
42 silly cache add   raw: 'mongoose@4.10.8',
42 silly cache add   scope: null,
42 silly cache add   escapedName: 'mongoose',
42 silly cache add   name: 'mongoose',
42 silly cache add   rawSpec: '4.10.8',
42 silly cache add   spec: '4.10.8',
42 silly cache add   type: 'version' }
43 silly addNamed mongoose@4.10.8
44 verbose addNamed "4.10.8" is a plain semver version for mongoose
45 silly mapToRegistry name mongoose
46 silly mapToRegistry using default registry
47 silly mapToRegistry registry https://registry.npmjs.org/
48 silly mapToRegistry data Result {
48 silly mapToRegistry   raw: 'mongoose',
48 silly mapToRegistry   scope: null,
48 silly mapToRegistry   escapedName: 'mongoose',
48 silly mapToRegistry   name: 'mongoose',
48 silly mapToRegistry   rawSpec: '',
48 silly mapToRegistry   spec: 'latest',
48 silly mapToRegistry   type: 'tag' }
49 silly mapToRegistry uri https://registry.npmjs.org/mongoose
50 verbose addNameVersion registry:https://registry.npmjs.org/mongoose not in flight; fetching
51 verbose get https://registry.npmjs.org/mongoose not expired, no request
52 silly mapToRegistry name mongoose
53 silly mapToRegistry using default registry
54 silly mapToRegistry registry https://registry.npmjs.org/
55 silly mapToRegistry data Result {
55 silly mapToRegistry   raw: 'mongoose',
55 silly mapToRegistry   scope: null,
55 silly mapToRegistry   escapedName: 'mongoose',
55 silly mapToRegistry   name: 'mongoose',
55 silly mapToRegistry   rawSpec: '',
55 silly mapToRegistry   spec: 'latest',
55 silly mapToRegistry   type: 'tag' }
56 silly mapToRegistry uri https://registry.npmjs.org/mongoose
57 verbose addRemoteTarball https://registry.npmjs.org/mongoose/-/mongoose-4.10.8.tgz not in flight; adding
58 verbose addRemoteTarball [ 'https://registry.npmjs.org/mongoose/-/mongoose-4.10.8.tgz',
58 verbose addRemoteTarball   '31f44ed7884756f9fd9b7708ddcb3fcb4250f34e' ]
59 info retry fetch attempt 1 at 2:56:04 PM
60 info attempt registry request try #1 at 2:56:04 PM
61 http fetch GET https://registry.npmjs.org/mongoose/-/mongoose-4.10.8.tgz
62 http fetch 200 https://registry.npmjs.org/mongoose/-/mongoose-4.10.8.tgz
63 silly fetchAndShaCheck shasum 31f44ed7884756f9fd9b7708ddcb3fcb4250f34e
64 verbose addTmpTarball C:\Users\supun\AppData\Local\Temp\npm-10268-20a81f69\registry.npmjs.org\mongoose\-\mongoose-4.10.8.tgz not in flight; adding
65 verbose addTmpTarball already have metadata; skipping unpack for mongoose@4.10.8
66 verbose correctMkdir C:\Users\supun\AppData\Roaming\npm-cache correctMkdir not in flight; initializing
67 silly cache afterAdd mongoose@4.10.8
68 verbose afterAdd C:\Users\supun\AppData\Roaming\npm-cache\mongoose\4.10.8\package\package.json not in flight; writing
69 verbose correctMkdir C:\Users\supun\AppData\Roaming\npm-cache correctMkdir not in flight; initializing
70 verbose afterAdd C:\Users\supun\AppData\Roaming\npm-cache\mongoose\4.10.8\package\package.json written
71 silly fetchNamedPackageData async
72 silly mapToRegistry name async
73 silly mapToRegistry using default registry
74 silly mapToRegistry registry https://registry.npmjs.org/
75 silly mapToRegistry data Result {
75 silly mapToRegistry   raw: 'async',
75 silly mapToRegistry   scope: null,
75 silly mapToRegistry   escapedName: 'async',
75 silly mapToRegistry   name: 'async',
75 silly mapToRegistry   rawSpec: '',
75 silly mapToRegistry   spec: 'latest',
75 silly mapToRegistry   type: 'tag' }
76 silly mapToRegistry uri https://registry.npmjs.org/async
77 silly fetchNamedPackageData bson
78 silly mapToRegistry name bson
79 silly mapToRegistry using default registry
80 silly mapToRegistry registry https://registry.npmjs.org/
81 silly mapToRegistry data Result {
81 silly mapToRegistry   raw: 'bson',
81 silly mapToRegistry   scope: null,
81 silly mapToRegistry   escapedName: 'bson',
81 silly mapToRegistry   name: 'bson',
81 silly mapToRegistry   rawSpec: '',
81 silly mapToRegistry   spec: 'latest',
81 silly mapToRegistry   type: 'tag' }
82 silly mapToRegistry uri https://registry.npmjs.org/bson
83 silly fetchNamedPackageData hooks-fixed
84 silly mapToRegistry name hooks-fixed
85 silly mapToRegistry using default registry
86 silly mapToRegistry registry https://registry.npmjs.org/
87 silly mapToRegistry data Result {
87 silly mapToRegistry   raw: 'hooks-fixed',
87 silly mapToRegistry   scope: null,
87 silly mapToRegistry   escapedName: 'hooks-fixed',
87 silly mapToRegistry   name: 'hooks-fixed',
87 silly mapToRegistry   rawSpec: '',
87 silly mapToRegistry   spec: 'latest',
87 silly mapToRegistry   type: 'tag' }
88 silly mapToRegistry uri https://registry.npmjs.org/hooks-fixed
89 silly fetchNamedPackageData kareem
90 silly mapToRegistry name kareem
91 silly mapToRegistry using default registry
92 silly mapToRegistry registry https://registry.npmjs.org/
93 silly mapToRegistry data Result {
93 silly mapToRegistry   raw: 'kareem',
93 silly mapToRegistry   scope: null,
93 silly mapToRegistry   escapedName: 'kareem',
93 silly mapToRegistry   name: 'kareem',
93 silly mapToRegistry   rawSpec: '',
93 silly mapToRegistry   spec: 'latest',
93 silly mapToRegistry   type: 'tag' }
94 silly mapToRegistry uri https://registry.npmjs.org/kareem
95 silly fetchNamedPackageData mongodb
96 silly mapToRegistry name mongodb
97 silly mapToRegistry using default registry
98 silly mapToRegistry registry https://registry.npmjs.org/
99 silly mapToRegistry data Result {
99 silly mapToRegistry   raw: 'mongodb',
99 silly mapToRegistry   scope: null,
99 silly mapToRegistry   escapedName: 'mongodb',
99 silly mapToRegistry   name: 'mongodb',
99 silly mapToRegistry   rawSpec: '',
99 silly mapToRegistry   spec: 'latest',
99 silly mapToRegistry   type: 'tag' }
100 silly mapToRegistry uri https://registry.npmjs.org/mongodb
101 silly fetchNamedPackageData mpath
102 silly mapToRegistry name mpath
103 silly mapToRegistry using default registry
104 silly mapToRegistry registry https://registry.npmjs.org/
105 silly mapToRegistry data Result {
105 silly mapToRegistry   raw: 'mpath',
105 silly mapToRegistry   scope: null,
105 silly mapToRegistry   escapedName: 'mpath',
105 silly mapToRegistry   name: 'mpath',
105 silly mapToRegistry   rawSpec: '',
105 silly mapToRegistry   spec: 'latest',
105 silly mapToRegistry   type: 'tag' }
106 silly mapToRegistry uri https://registry.npmjs.org/mpath
107 silly fetchNamedPackageData mpromise
108 silly mapToRegistry name mpromise
109 silly mapToRegistry using default registry
110 silly mapToRegistry registry https://registry.npmjs.org/
111 silly mapToRegistry data Result {
111 silly mapToRegistry   raw: 'mpromise',
111 silly mapToRegistry   scope: null,
111 silly mapToRegistry   escapedName: 'mpromise',
111 silly mapToRegistry   name: 'mpromise',
111 silly mapToRegistry   rawSpec: '',
111 silly mapToRegistry   spec: 'latest',
111 silly mapToRegistry   type: 'tag' }
112 silly mapToRegistry uri https://registry.npmjs.org/mpromise
113 silly fetchNamedPackageData mquery
114 silly mapToRegistry name mquery
115 silly mapToRegistry using default registry
116 silly mapToRegistry registry https://registry.npmjs.org/
117 silly mapToRegistry data Result {
117 silly mapToRegistry   raw: 'mquery',
117 silly mapToRegistry   scope: null,
117 silly mapToRegistry   escapedName: 'mquery',
117 silly mapToRegistry   name: 'mquery',
117 silly mapToRegistry   rawSpec: '',
117 silly mapToRegistry   spec: 'latest',
117 silly mapToRegistry   type: 'tag' }
118 silly mapToRegistry uri https://registry.npmjs.org/mquery
119 silly fetchNamedPackageData ms
120 silly mapToRegistry name ms
121 silly mapToRegistry using default registry
122 silly mapToRegistry registry https://registry.npmjs.org/
123 silly mapToRegistry data Result {
123 silly mapToRegistry   raw: 'ms',
123 silly mapToRegistry   scope: null,
123 silly mapToRegistry   escapedName: 'ms',
123 silly mapToRegistry   name: 'ms',
123 silly mapToRegistry   rawSpec: '',
123 silly mapToRegistry   spec: 'latest',
123 silly mapToRegistry   type: 'tag' }
124 silly mapToRegistry uri https://registry.npmjs.org/ms
125 silly fetchNamedPackageData muri
126 silly mapToRegistry name muri
127 silly mapToRegistry using default registry
128 silly mapToRegistry registry https://registry.npmjs.org/
129 silly mapToRegistry data Result {
129 silly mapToRegistry   raw: 'muri',
129 silly mapToRegistry   scope: null,
129 silly mapToRegistry   escapedName: 'muri',
129 silly mapToRegistry   name: 'muri',
129 silly mapToRegistry   rawSpec: '',
129 silly mapToRegistry   spec: 'latest',
129 silly mapToRegistry   type: 'tag' }
130 silly mapToRegistry uri https://registry.npmjs.org/muri
131 silly fetchNamedPackageData regexp-clone
132 silly mapToRegistry name regexp-clone
133 silly mapToRegistry using default registry
134 silly mapToRegistry registry https://registry.npmjs.org/
135 silly mapToRegistry data Result {
135 silly mapToRegistry   raw: 'regexp-clone',
135 silly mapToRegistry   scope: null,
135 silly mapToRegistry   escapedName: 'regexp-clone',
135 silly mapToRegistry   name: 'regexp-clone',
135 silly mapToRegistry   rawSpec: '',
135 silly mapToRegistry   spec: 'latest',
135 silly mapToRegistry   type: 'tag' }
136 silly mapToRegistry uri https://registry.npmjs.org/regexp-clone
137 silly fetchNamedPackageData sliced
138 silly mapToRegistry name sliced
139 silly mapToRegistry using default registry
140 silly mapToRegistry registry https://registry.npmjs.org/
141 silly mapToRegistry data Result {
141 silly mapToRegistry   raw: 'sliced',
141 silly mapToRegistry   scope: null,
141 silly mapToRegistry   escapedName: 'sliced',
141 silly mapToRegistry   name: 'sliced',
141 silly mapToRegistry   rawSpec: '',
141 silly mapToRegistry   spec: 'latest',
141 silly mapToRegistry   type: 'tag' }
142 silly mapToRegistry uri https://registry.npmjs.org/sliced
143 verbose request uri https://registry.npmjs.org/async
144 verbose request no auth needed
145 info attempt registry request try #1 at 2:56:05 PM
146 verbose etag W/"5963f336-21b8b"
147 verbose lastModified Mon, 10 Jul 2017 21:35:50 GMT
148 http request GET https://registry.npmjs.org/async
149 verbose request uri https://registry.npmjs.org/bson
150 verbose request no auth needed
151 info attempt registry request try #1 at 2:56:05 PM
152 verbose etag W/"595bba9f-1af18"
153 verbose lastModified Tue, 04 Jul 2017 15:56:15 GMT
154 http request GET https://registry.npmjs.org/bson
155 verbose request uri https://registry.npmjs.org/mongodb
156 verbose request no auth needed
157 info attempt registry request try #1 at 2:56:05 PM
158 verbose etag W/"59644a76-98a02"
159 verbose lastModified Tue, 11 Jul 2017 03:48:06 GMT
160 http request GET https://registry.npmjs.org/mongodb
161 verbose request uri https://registry.npmjs.org/kareem
162 verbose request no auth needed
163 info attempt registry request try #1 at 2:56:05 PM
164 verbose etag W/"595d8882-8eec"
165 verbose lastModified Thu, 06 Jul 2017 00:46:58 GMT
166 http request GET https://registry.npmjs.org/kareem
167 verbose request uri https://registry.npmjs.org/hooks-fixed
168 verbose request no auth needed
169 info attempt registry request try #1 at 2:56:05 PM
170 verbose etag W/"590823f8-561b"
171 verbose lastModified Tue, 02 May 2017 06:15:20 GMT
172 http request GET https://registry.npmjs.org/hooks-fixed
173 verbose request uri https://registry.npmjs.org/mpromise
174 verbose request no auth needed
175 info attempt registry request try #1 at 2:56:05 PM
176 verbose etag W/"58b7be4b-5eff"
177 verbose lastModified Thu, 02 Mar 2017 06:40:11 GMT
178 http request GET https://registry.npmjs.org/mpromise
179 verbose request uri https://registry.npmjs.org/ms
180 verbose request no auth needed
181 info attempt registry request try #1 at 2:56:05 PM
182 verbose etag W/"593c68d3-3bb0"
183 verbose lastModified Sat, 10 Jun 2017 21:46:59 GMT
184 http request GET https://registry.npmjs.org/ms
185 verbose request uri https://registry.npmjs.org/mquery
186 verbose request no auth needed
187 info attempt registry request try #1 at 2:56:05 PM
188 verbose etag W/"5923c026-178e2"
189 verbose lastModified Tue, 23 May 2017 04:52:54 GMT
190 http request GET https://registry.npmjs.org/mquery
191 verbose request uri https://registry.npmjs.org/muri
192 verbose request no auth needed
193 info attempt registry request try #1 at 2:56:05 PM
194 verbose etag W/"595d4cb6-3b50"
195 verbose lastModified Wed, 05 Jul 2017 20:31:50 GMT
196 http request GET https://registry.npmjs.org/muri
197 verbose request uri https://registry.npmjs.org/mpath
198 verbose request no auth needed
199 info attempt registry request try #1 at 2:56:05 PM
200 verbose etag W/"59358281-3371"
201 verbose lastModified Mon, 05 Jun 2017 16:10:41 GMT
202 http request GET https://registry.npmjs.org/mpath
203 verbose request uri https://registry.npmjs.org/sliced
204 verbose request no auth needed
205 info attempt registry request try #1 at 2:56:05 PM
206 verbose etag W/"58b214f5-2602"
207 verbose lastModified Sat, 25 Feb 2017 23:36:21 GMT
208 http request GET https://registry.npmjs.org/sliced
209 verbose request uri https://registry.npmjs.org/regexp-clone
210 verbose request no auth needed
211 info attempt registry request try #1 at 2:56:05 PM
212 verbose etag W/"516f12a5-7d2"
213 verbose lastModified Wed, 17 Apr 2013 21:22:45 GMT
214 http request GET https://registry.npmjs.org/regexp-clone
215 http 304 https://registry.npmjs.org/async
216 verbose headers { date: 'Wed, 12 Jul 2017 09:26:05 GMT',
216 verbose headers   via: '1.1 varnish',
216 verbose headers   'cache-control': 'max-age=300',
216 verbose headers   etag: 'W/"5963f336-21b8b"',
216 verbose headers   age: '18',
216 verbose headers   connection: 'keep-alive',
216 verbose headers   'x-served-by': 'cache-cdg8727-CDG',
216 verbose headers   'x-cache': 'HIT',
216 verbose headers   'x-cache-hits': '4',
216 verbose headers   'x-timer': 'S1499851565.342158,VS0,VE0',
216 verbose headers   vary: 'Accept-Encoding, Accept' }
217 silly get cb [ 304,
217 silly get   { date: 'Wed, 12 Jul 2017 09:26:05 GMT',
217 silly get     via: '1.1 varnish',
217 silly get     'cache-control': 'max-age=300',
217 silly get     etag: 'W/"5963f336-21b8b"',
217 silly get     age: '18',
217 silly get     connection: 'keep-alive',
217 silly get     'x-served-by': 'cache-cdg8727-CDG',
217 silly get     'x-cache': 'HIT',
217 silly get     'x-cache-hits': '4',
217 silly get     'x-timer': 'S1499851565.342158,VS0,VE0',
217 silly get     vary: 'Accept-Encoding, Accept' } ]
218 verbose etag https://registry.npmjs.org/async from cache
219 verbose get saving async to C:\Users\supun\AppData\Roaming\npm-cache\registry.npmjs.org\async\.cache.json
220 verbose correctMkdir C:\Users\supun\AppData\Roaming\npm-cache correctMkdir not in flight; initializing
221 silly resolveWithNewModule async@2.1.4 checking installable status
222 silly cache add args [ 'async@2.1.4', null ]
223 verbose cache add spec async@2.1.4
224 silly cache add parsed spec Result {
224 silly cache add   raw: 'async@2.1.4',
224 silly cache add   scope: null,
224 silly cache add   escapedName: 'async',
224 silly cache add   name: 'async',
224 silly cache add   rawSpec: '2.1.4',
224 silly cache add   spec: '2.1.4',
224 silly cache add   type: 'version' }
225 silly addNamed async@2.1.4
226 verbose addNamed "2.1.4" is a plain semver version for async
227 silly mapToRegistry name async
228 silly mapToRegistry using default registry
229 silly mapToRegistry registry https://registry.npmjs.org/
230 silly mapToRegistry data Result {
230 silly mapToRegistry   raw: 'async',
230 silly mapToRegistry   scope: null,
230 silly mapToRegistry   escapedName: 'async',
230 silly mapToRegistry   name: 'async',
230 silly mapToRegistry   rawSpec: '',
230 silly mapToRegistry   spec: 'latest',
230 silly mapToRegistry   type: 'tag' }
231 silly mapToRegistry uri https://registry.npmjs.org/async
232 verbose addNameVersion registry:https://registry.npmjs.org/async not in flight; fetching
233 verbose get https://registry.npmjs.org/async not expired, no request
234 silly mapToRegistry name async
235 silly mapToRegistry using default registry
236 silly mapToRegistry registry https://registry.npmjs.org/
237 silly mapToRegistry data Result {
237 silly mapToRegistry   raw: 'async',
237 silly mapToRegistry   scope: null,
237 silly mapToRegistry   escapedName: 'async',
237 silly mapToRegistry   name: 'async',
237 silly mapToRegistry   rawSpec: '',
237 silly mapToRegistry   spec: 'latest',
237 silly mapToRegistry   type: 'tag' }
238 silly mapToRegistry uri https://registry.npmjs.org/async
239 verbose addRemoteTarball https://registry.npmjs.org/async/-/async-2.1.4.tgz not in flight; adding
240 verbose addRemoteTarball [ 'https://registry.npmjs.org/async/-/async-2.1.4.tgz',
240 verbose addRemoteTarball   '2d2160c7788032e4dd6cbe2502f1f9a2c8f6cde4' ]
241 info retry fetch attempt 1 at 2:56:05 PM
242 info attempt registry request try #1 at 2:56:05 PM
243 http fetch GET https://registry.npmjs.org/async/-/async-2.1.4.tgz
244 http fetch 200 https://registry.npmjs.org/async/-/async-2.1.4.tgz
245 silly fetchAndShaCheck shasum 2d2160c7788032e4dd6cbe2502f1f9a2c8f6cde4
246 verbose addTmpTarball C:\Users\supun\AppData\Local\Temp\npm-10268-20a81f69\registry.npmjs.org\async\-\async-2.1.4.tgz not in flight; adding
247 verbose addTmpTarball already have metadata; skipping unpack for async@2.1.4
248 verbose correctMkdir C:\Users\supun\AppData\Roaming\npm-cache correctMkdir not in flight; initializing
249 silly cache afterAdd async@2.1.4
250 verbose afterAdd C:\Users\supun\AppData\Roaming\npm-cache\async\2.1.4\package\package.json not in flight; writing
251 verbose correctMkdir C:\Users\supun\AppData\Roaming\npm-cache correctMkdir not in flight; initializing
252 verbose afterAdd C:\Users\supun\AppData\Roaming\npm-cache\async\2.1.4\package\package.json written
253 http 304 https://registry.npmjs.org/bson
254 verbose headers { date: 'Wed, 12 Jul 2017 09:26:05 GMT',
254 verbose headers   via: '1.1 varnish',
254 verbose headers   'cache-control': 'max-age=300',
254 verbose headers   etag: 'W/"595bba9f-1af18"',
254 verbose headers   age: '63',
254 verbose headers   connection: 'keep-alive',
254 verbose headers   'x-served-by': 'cache-cdg8728-CDG',
254 verbose headers   'x-cache': 'HIT',
254 verbose headers   'x-cache-hits': '2',
254 verbose headers   'x-timer': 'S1499851566.702082,VS0,VE0',
254 verbose headers   vary: 'Accept-Encoding, Accept' }
255 silly get cb [ 304,
255 silly get   { date: 'Wed, 12 Jul 2017 09:26:05 GMT',
255 silly get     via: '1.1 varnish',
255 silly get     'cache-control': 'max-age=300',
255 silly get     etag: 'W/"595bba9f-1af18"',
255 silly get     age: '63',
255 silly get     connection: 'keep-alive',
255 silly get     'x-served-by': 'cache-cdg8728-CDG',
255 silly get     'x-cache': 'HIT',
255 silly get     'x-cache-hits': '2',
255 silly get     'x-timer': 'S1499851566.702082,VS0,VE0',
255 silly get     vary: 'Accept-Encoding, Accept' } ]
256 verbose etag https://registry.npmjs.org/bson from cache
257 verbose get saving bson to C:\Users\supun\AppData\Roaming\npm-cache\registry.npmjs.org\bson\.cache.json
258 verbose correctMkdir C:\Users\supun\AppData\Roaming\npm-cache correctMkdir not in flight; initializing
259 http 304 https://registry.npmjs.org/mongodb
260 verbose headers { date: 'Wed, 12 Jul 2017 09:26:05 GMT',
260 verbose headers   via: '1.1 varnish',
260 verbose headers   'cache-control': 'max-age=300',
260 verbose headers   etag: 'W/"59644a76-98a02"',
260 verbose headers   age: '63',
260 verbose headers   connection: 'keep-alive',
260 verbose headers   'x-served-by': 'cache-cdg8720-CDG',
260 verbose headers   'x-cache': 'HIT',
260 verbose headers   'x-cache-hits': '1',
260 verbose headers   'x-timer': 'S1499851566.703123,VS0,VE1',
260 verbose headers   vary: 'Accept-Encoding, Accept' }
261 silly get cb [ 304,
261 silly get   { date: 'Wed, 12 Jul 2017 09:26:05 GMT',
261 silly get     via: '1.1 varnish',
261 silly get     'cache-control': 'max-age=300',
261 silly get     etag: 'W/"59644a76-98a02"',
261 silly get     age: '63',
261 silly get     connection: 'keep-alive',
261 silly get     'x-served-by': 'cache-cdg8720-CDG',
261 silly get     'x-cache': 'HIT',
261 silly get     'x-cache-hits': '1',
261 silly get     'x-timer': 'S1499851566.703123,VS0,VE1',
261 silly get     vary: 'Accept-Encoding, Accept' } ]
262 verbose etag https://registry.npmjs.org/mongodb from cache
263 verbose get saving mongodb to C:\Users\supun\AppData\Roaming\npm-cache\registry.npmjs.org\mongodb\.cache.json
264 verbose correctMkdir C:\Users\supun\AppData\Roaming\npm-cache correctMkdir not in flight; initializing
265 http 304 https://registry.npmjs.org/ms
266 verbose headers { date: 'Wed, 12 Jul 2017 09:26:05 GMT',
266 verbose headers   via: '1.1 varnish',
266 verbose headers   'cache-control': 'max-age=300',
266 verbose headers   etag: 'W/"593c68d3-3bb0"',
266 verbose headers   age: '256',
266 verbose headers   connection: 'keep-alive',
266 verbose headers   'x-served-by': 'cache-cdg8723-CDG',
266 verbose headers   'x-cache': 'HIT',
266 verbose headers   'x-cache-hits': '15',
266 verbose headers   'x-timer': 'S1499851566.714941,VS0,VE0',
266 verbose headers   vary: 'Accept-Encoding' }
267 silly get cb [ 304,
267 silly get   { date: 'Wed, 12 Jul 2017 09:26:05 GMT',
267 silly get     via: '1.1 varnish',
267 silly get     'cache-control': 'max-age=300',
267 silly get     etag: 'W/"593c68d3-3bb0"',
267 silly get     age: '256',
267 silly get     connection: 'keep-alive',
267 silly get     'x-served-by': 'cache-cdg8723-CDG',
267 silly get     'x-cache': 'HIT',
267 silly get     'x-cache-hits': '15',
267 silly get     'x-timer': 'S1499851566.714941,VS0,VE0',
267 silly get     vary: 'Accept-Encoding' } ]
268 verbose etag https://registry.npmjs.org/ms from cache
269 verbose get saving ms to C:\Users\supun\AppData\Roaming\npm-cache\registry.npmjs.org\ms\.cache.json
270 verbose correctMkdir C:\Users\supun\AppData\Roaming\npm-cache correctMkdir not in flight; initializing
271 http 304 https://registry.npmjs.org/hooks-fixed
272 verbose headers { date: 'Wed, 12 Jul 2017 09:26:05 GMT',
272 verbose headers   via: '1.1 varnish',
272 verbose headers   'cache-control': 'max-age=300',
272 verbose headers   etag: 'W/"590823f8-561b"',
272 verbose headers   age: '63',
272 verbose headers   connection: 'keep-alive',
272 verbose headers   'x-served-by': 'cache-cdg8731-CDG',
272 verbose headers   'x-cache': 'HIT',
272 verbose headers   'x-cache-hits': '1',
272 verbose headers   'x-timer': 'S1499851566.710237,VS0,VE0',
272 verbose headers   vary: 'Accept-Encoding, Accept' }
273 silly get cb [ 304,
273 silly get   { date: 'Wed, 12 Jul 2017 09:26:05 GMT',
273 silly get     via: '1.1 varnish',
273 silly get     'cache-control': 'max-age=300',
273 silly get     etag: 'W/"590823f8-561b"',
273 silly get     age: '63',
273 silly get     connection: 'keep-alive',
273 silly get     'x-served-by': 'cache-cdg8731-CDG',
273 silly get     'x-cache': 'HIT',
273 silly get     'x-cache-hits': '1',
273 silly get     'x-timer': 'S1499851566.710237,VS0,VE0',
273 silly get     vary: 'Accept-Encoding, Accept' } ]
274 verbose etag https://registry.npmjs.org/hooks-fixed from cache
275 verbose get saving hooks-fixed to C:\Users\supun\AppData\Roaming\npm-cache\registry.npmjs.org\hooks-fixed\.cache.json
276 verbose correctMkdir C:\Users\supun\AppData\Roaming\npm-cache correctMkdir not in flight; initializing
277 http 304 https://registry.npmjs.org/mpromise
278 verbose headers { date: 'Wed, 12 Jul 2017 09:26:05 GMT',
278 verbose headers   via: '1.1 varnish',
278 verbose headers   'cache-control': 'max-age=300',
278 verbose headers   etag: 'W/"58b7be4b-5eff"',
278 verbose headers   age: '63',
278 verbose headers   connection: 'keep-alive',
278 verbose headers   'x-served-by': 'cache-cdg8724-CDG',
278 verbose headers   'x-cache': 'HIT',
278 verbose headers   'x-cache-hits': '1',
278 verbose headers   'x-timer': 'S1499851566.716784,VS0,VE0',
278 verbose headers   vary: 'Accept-Encoding, Accept' }
279 silly get cb [ 304,
279 silly get   { date: 'Wed, 12 Jul 2017 09:26:05 GMT',
279 silly get     via: '1.1 varnish',
279 silly get     'cache-control': 'max-age=300',
279 silly get     etag: 'W/"58b7be4b-5eff"',
279 silly get     age: '63',
279 silly get     connection: 'keep-alive',
279 silly get     'x-served-by': 'cache-cdg8724-CDG',
279 silly get     'x-cache': 'HIT',
279 silly get     'x-cache-hits': '1',
279 silly get     'x-timer': 'S1499851566.716784,VS0,VE0',
279 silly get     vary: 'Accept-Encoding, Accept' } ]
280 verbose etag https://registry.npmjs.org/mpromise from cache
281 verbose get saving mpromise to C:\Users\supun\AppData\Roaming\npm-cache\registry.npmjs.org\mpromise\.cache.json
282 verbose correctMkdir C:\Users\supun\AppData\Roaming\npm-cache correctMkdir not in flight; initializing
283 http 304 https://registry.npmjs.org/kareem
284 verbose headers { date: 'Wed, 12 Jul 2017 09:26:05 GMT',
284 verbose headers   via: '1.1 varnish',
284 verbose headers   'cache-control': 'max-age=300',
284 verbose headers   etag: 'W/"595d8882-8eec"',
284 verbose headers   age: '63',
284 verbose headers   connection: 'keep-alive',
284 verbose headers   'x-served-by': 'cache-cdg8735-CDG',
284 verbose headers   'x-cache': 'HIT',
284 verbose headers   'x-cache-hits': '1',
284 verbose headers   'x-timer': 'S1499851566.717284,VS0,VE0',
284 verbose headers   vary: 'Accept-Encoding, Accept' }
285 silly get cb [ 304,
285 silly get   { date: 'Wed, 12 Jul 2017 09:26:05 GMT',
285 silly get     via: '1.1 varnish',
285 silly get     'cache-control': 'max-age=300',
285 silly get     etag: 'W/"595d8882-8eec"',
285 silly get     age: '63',
285 silly get     connection: 'keep-alive',
285 silly get     'x-served-by': 'cache-cdg8735-CDG',
285 silly get     'x-cache': 'HIT',
285 silly get     'x-cache-hits': '1',
285 silly get     'x-timer': 'S1499851566.717284,VS0,VE0',
285 silly get     vary: 'Accept-Encoding, Accept' } ]
286 verbose etag https://registry.npmjs.org/kareem from cache
287 verbose get saving kareem to C:\Users\supun\AppData\Roaming\npm-cache\registry.npmjs.org\kareem\.cache.json
288 verbose correctMkdir C:\Users\supun\AppData\Roaming\npm-cache correctMkdir not in flight; initializing
289 silly resolveWithNewModule bson@1.0.4 checking installable status
290 silly cache add args [ 'bson@~1.0.4', null ]
291 verbose cache add spec bson@~1.0.4
292 silly cache add parsed spec Result {
292 silly cache add   raw: 'bson@~1.0.4',
292 silly cache add   scope: null,
292 silly cache add   escapedName: 'bson',
292 silly cache add   name: 'bson',
292 silly cache add   rawSpec: '~1.0.4',
292 silly cache add   spec: '>=1.0.4 <1.1.0',
292 silly cache add   type: 'range' }
293 silly addNamed bson@>=1.0.4 <1.1.0
294 verbose addNamed ">=1.0.4 <1.1.0" is a valid semver range for bson
295 silly addNameRange { name: 'bson', range: '>=1.0.4 <1.1.0', hasData: false }
296 silly mapToRegistry name bson
297 silly mapToRegistry using default registry
298 silly mapToRegistry registry https://registry.npmjs.org/
299 silly mapToRegistry data Result {
299 silly mapToRegistry   raw: 'bson',
299 silly mapToRegistry   scope: null,
299 silly mapToRegistry   escapedName: 'bson',
299 silly mapToRegistry   name: 'bson',
299 silly mapToRegistry   rawSpec: '',
299 silly mapToRegistry   spec: 'latest',
299 silly mapToRegistry   type: 'tag' }
300 silly mapToRegistry uri https://registry.npmjs.org/bson
301 verbose addNameRange registry:https://registry.npmjs.org/bson not in flight; fetching
302 silly resolveWithNewModule kareem@1.4.1 checking installable status
303 silly cache add args [ 'kareem@1.4.1', null ]
304 verbose cache add spec kareem@1.4.1
305 silly cache add parsed spec Result {
305 silly cache add   raw: 'kareem@1.4.1',
305 silly cache add   scope: null,
305 silly cache add   escapedName: 'kareem',
305 silly cache add   name: 'kareem',
305 silly cache add   rawSpec: '1.4.1',
305 silly cache add   spec: '1.4.1',
305 silly cache add   type: 'version' }
306 silly addNamed kareem@1.4.1
307 verbose addNamed "1.4.1" is a plain semver version for kareem
308 silly mapToRegistry name kareem
309 silly mapToRegistry using default registry
310 silly mapToRegistry registry https://registry.npmjs.org/
311 silly mapToRegistry data Result {
311 silly mapToRegistry   raw: 'kareem',
311 silly mapToRegistry   scope: null,
311 silly mapToRegistry   escapedName: 'kareem',
311 silly mapToRegistry   name: 'kareem',
311 silly mapToRegistry   rawSpec: '',
311 silly mapToRegistry   spec: 'latest',
311 silly mapToRegistry   type: 'tag' }
312 silly mapToRegistry uri https://registry.npmjs.org/kareem
313 verbose addNameVersion registry:https://registry.npmjs.org/kareem not in flight; fetching
314 silly resolveWithNewModule hooks-fixed@2.0.0 checking installable status
315 silly cache add args [ 'hooks-fixed@2.0.0', null ]
316 verbose cache add spec hooks-fixed@2.0.0
317 silly cache add parsed spec Result {
317 silly cache add   raw: 'hooks-fixed@2.0.0',
317 silly cache add   scope: null,
317 silly cache add   escapedName: 'hooks-fixed',
317 silly cache add   name: 'hooks-fixed',
317 silly cache add   rawSpec: '2.0.0',
317 silly cache add   spec: '2.0.0',
317 silly cache add   type: 'version' }
318 silly addNamed hooks-fixed@2.0.0
319 verbose addNamed "2.0.0" is a plain semver version for hooks-fixed
320 silly mapToRegistry name hooks-fixed
321 silly mapToRegistry using default registry
322 silly mapToRegistry registry https://registry.npmjs.org/
323 silly mapToRegistry data Result {
323 silly mapToRegistry   raw: 'hooks-fixed',
323 silly mapToRegistry   scope: null,
323 silly mapToRegistry   escapedName: 'hooks-fixed',
323 silly mapToRegistry   name: 'hooks-fixed',
323 silly mapToRegistry   rawSpec: '',
323 silly mapToRegistry   spec: 'latest',
323 silly mapToRegistry   type: 'tag' }
324 silly mapToRegistry uri https://registry.npmjs.org/hooks-fixed
325 verbose addNameVersion registry:https://registry.npmjs.org/hooks-fixed not in flight; fetching
326 silly resolveWithNewModule ms@2.0.0 checking installable status
327 silly cache add args [ 'ms@2.0.0', null ]
328 verbose cache add spec ms@2.0.0
329 silly cache add parsed spec Result {
329 silly cache add   raw: 'ms@2.0.0',
329 silly cache add   scope: null,
329 silly cache add   escapedName: 'ms',
329 silly cache add   name: 'ms',
329 silly cache add   rawSpec: '2.0.0',
329 silly cache add   spec: '2.0.0',
329 silly cache add   type: 'version' }
330 silly addNamed ms@2.0.0
331 verbose addNamed "2.0.0" is a plain semver version for ms
332 silly mapToRegistry name ms
333 silly mapToRegistry using default registry
334 silly mapToRegistry registry https://registry.npmjs.org/
335 silly mapToRegistry data Result {
335 silly mapToRegistry   raw: 'ms',
335 silly mapToRegistry   scope: null,
335 silly mapToRegistry   escapedName: 'ms',
335 silly mapToRegistry   name: 'ms',
335 silly mapToRegistry   rawSpec: '',
335 silly mapToRegistry   spec: 'latest',
335 silly mapToRegistry   type: 'tag' }
336 silly mapToRegistry uri https://registry.npmjs.org/ms
337 verbose addNameVersion registry:https://registry.npmjs.org/ms not in flight; fetching
338 http 304 https://registry.npmjs.org/mpath
339 verbose headers { date: 'Wed, 12 Jul 2017 09:26:05 GMT',
339 verbose headers   via: '1.1 varnish',
339 verbose headers   'cache-control': 'max-age=300',
339 verbose headers   etag: 'W/"59358281-3371"',
339 verbose headers   age: '63',
339 verbose headers   connection: 'keep-alive',
339 verbose headers   'x-served-by': 'cache-cdg8734-CDG',
339 verbose headers   'x-cache': 'HIT',
339 verbose headers   'x-cache-hits': '1',
339 verbose headers   'x-timer': 'S1499851566.762442,VS0,VE0',
339 verbose headers   vary: 'Accept-Encoding, Accept' }
340 silly get cb [ 304,
340 silly get   { date: 'Wed, 12 Jul 2017 09:26:05 GMT',
340 silly get     via: '1.1 varnish',
340 silly get     'cache-control': 'max-age=300',
340 silly get     etag: 'W/"59358281-3371"',
340 silly get     age: '63',
340 silly get     connection: 'keep-alive',
340 silly get     'x-served-by': 'cache-cdg8734-CDG',
340 silly get     'x-cache': 'HIT',
340 silly get     'x-cache-hits': '1',
340 silly get     'x-timer': 'S1499851566.762442,VS0,VE0',
340 silly get     vary: 'Accept-Encoding, Accept' } ]
341 verbose etag https://registry.npmjs.org/mpath from cache
342 verbose get saving mpath to C:\Users\supun\AppData\Roaming\npm-cache\registry.npmjs.org\mpath\.cache.json
343 verbose correctMkdir C:\Users\supun\AppData\Roaming\npm-cache correctMkdir not in flight; initializing
344 http 304 https://registry.npmjs.org/mquery
345 verbose headers { date: 'Wed, 12 Jul 2017 09:26:05 GMT',
345 verbose headers   via: '1.1 varnish',
345 verbose headers   'cache-control': 'max-age=300',
345 verbose headers   etag: 'W/"5923c026-178e2"',
345 verbose headers   age: '63',
345 verbose headers   connection: 'keep-alive',
345 verbose headers   'x-served-by': 'cache-cdg8721-CDG',
345 verbose headers   'x-cache': 'HIT',
345 verbose headers   'x-cache-hits': '1',
345 verbose headers   'x-timer': 'S1499851566.756696,VS0,VE0',
345 verbose headers   vary: 'Accept-Encoding, Accept' }
346 silly get cb [ 304,
346 silly get   { date: 'Wed, 12 Jul 2017 09:26:05 GMT',
346 silly get     via: '1.1 varnish',
346 silly get     'cache-control': 'max-age=300',
346 silly get     etag: 'W/"5923c026-178e2"',
346 silly get     age: '63',
346 silly get     connection: 'keep-alive',
346 silly get     'x-served-by': 'cache-cdg8721-CDG',
346 silly get     'x-cache': 'HIT',
346 silly get     'x-cache-hits': '1',
346 silly get     'x-timer': 'S1499851566.756696,VS0,VE0',
346 silly get     vary: 'Accept-Encoding, Accept' } ]
347 verbose etag https://registry.npmjs.org/mquery from cache
348 verbose get saving mquery to C:\Users\supun\AppData\Roaming\npm-cache\registry.npmjs.org\mquery\.cache.json
349 verbose correctMkdir C:\Users\supun\AppData\Roaming\npm-cache correctMkdir not in flight; initializing
350 silly resolveWithNewModule mpromise@0.5.5 checking installable status
351 silly cache add args [ 'mpromise@0.5.5', null ]
352 verbose cache add spec mpromise@0.5.5
353 silly cache add parsed spec Result {
353 silly cache add   raw: 'mpromise@0.5.5',
353 silly cache add   scope: null,
353 silly cache add   escapedName: 'mpromise',
353 silly cache add   name: 'mpromise',
353 silly cache add   rawSpec: '0.5.5',
353 silly cache add   spec: '0.5.5',
353 silly cache add   type: 'version' }
354 silly addNamed mpromise@0.5.5
355 verbose addNamed "0.5.5" is a plain semver version for mpromise
356 silly mapToRegistry name mpromise
357 silly mapToRegistry using default registry
358 silly mapToRegistry registry https://registry.npmjs.org/
359 silly mapToRegistry data Result {
359 silly mapToRegistry   raw: 'mpromise',
359 silly mapToRegistry   scope: null,
359 silly mapToRegistry   escapedName: 'mpromise',
359 silly mapToRegistry   name: 'mpromise',
359 silly mapToRegistry   rawSpec: '',
359 silly mapToRegistry   spec: 'latest',
359 silly mapToRegistry   type: 'tag' }
360 silly mapToRegistry uri https://registry.npmjs.org/mpromise
361 verbose addNameVersion registry:https://registry.npmjs.org/mpromise not in flight; fetching
362 silly resolveWithNewModule mongodb@2.2.27 checking installable status
363 silly cache add args [ 'mongodb@2.2.27', null ]
364 verbose cache add spec mongodb@2.2.27
365 silly cache add parsed spec Result {
365 silly cache add   raw: 'mongodb@2.2.27',
365 silly cache add   scope: null,
365 silly cache add   escapedName: 'mongodb',
365 silly cache add   name: 'mongodb',
365 silly cache add   rawSpec: '2.2.27',
365 silly cache add   spec: '2.2.27',
365 silly cache add   type: 'version' }
366 silly addNamed mongodb@2.2.27
367 verbose addNamed "2.2.27" is a plain semver version for mongodb
368 silly mapToRegistry name mongodb
369 silly mapToRegistry using default registry
370 silly mapToRegistry registry https://registry.npmjs.org/
371 silly mapToRegistry data Result {
371 silly mapToRegistry   raw: 'mongodb',
371 silly mapToRegistry   scope: null,
371 silly mapToRegistry   escapedName: 'mongodb',
371 silly mapToRegistry   name: 'mongodb',
371 silly mapToRegistry   rawSpec: '',
371 silly mapToRegistry   spec: 'latest',
371 silly mapToRegistry   type: 'tag' }
372 silly mapToRegistry uri https://registry.npmjs.org/mongodb
373 verbose addNameVersion registry:https://registry.npmjs.org/mongodb not in flight; fetching
374 http 304 https://registry.npmjs.org/muri
375 verbose headers { date: 'Wed, 12 Jul 2017 09:26:05 GMT',
375 verbose headers   via: '1.1 varnish',
375 verbose headers   'cache-control': 'max-age=300',
375 verbose headers   etag: 'W/"595d4cb6-3b50"',
375 verbose headers   age: '63',
375 verbose headers   connection: 'keep-alive',
375 verbose headers   'x-served-by': 'cache-cdg8732-CDG',
375 verbose headers   'x-cache': 'HIT',
375 verbose headers   'x-cache-hits': '1',
375 verbose headers   'x-timer': 'S1499851566.772637,VS0,VE0',
375 verbose headers   vary: 'Accept-Encoding, Accept' }
376 silly get cb [ 304,
376 silly get   { date: 'Wed, 12 Jul 2017 09:26:05 GMT',
376 silly get     via: '1.1 varnish',
376 silly get     'cache-control': 'max-age=300',
376 silly get     etag: 'W/"595d4cb6-3b50"',
376 silly get     age: '63',
376 silly get     connection: 'keep-alive',
376 silly get     'x-served-by': 'cache-cdg8732-CDG',
376 silly get     'x-cache': 'HIT',
376 silly get     'x-cache-hits': '1',
376 silly get     'x-timer': 'S1499851566.772637,VS0,VE0',
376 silly get     vary: 'Accept-Encoding, Accept' } ]
377 verbose etag https://registry.npmjs.org/muri from cache
378 verbose get saving muri to C:\Users\supun\AppData\Roaming\npm-cache\registry.npmjs.org\muri\.cache.json
379 verbose correctMkdir C:\Users\supun\AppData\Roaming\npm-cache correctMkdir not in flight; initializing
380 http 304 https://registry.npmjs.org/sliced
381 verbose headers { date: 'Wed, 12 Jul 2017 09:26:05 GMT',
381 verbose headers   via: '1.1 varnish',
381 verbose headers   'cache-control': 'max-age=300',
381 verbose headers   etag: 'W/"58b214f5-2602"',
381 verbose headers   age: '63',
381 verbose headers   connection: 'keep-alive',
381 verbose headers   'x-served-by': 'cache-cdg8729-CDG',
381 verbose headers   'x-cache': 'HIT',
381 verbose headers   'x-cache-hits': '1',
381 verbose headers   'x-timer': 'S1499851566.770243,VS0,VE0',
381 verbose headers   vary: 'Accept-Encoding, Accept' }
382 silly get cb [ 304,
382 silly get   { date: 'Wed, 12 Jul 2017 09:26:05 GMT',
382 silly get     via: '1.1 varnish',
382 silly get     'cache-control': 'max-age=300',
382 silly get     etag: 'W/"58b214f5-2602"',
382 silly get     age: '63',
382 silly get     connection: 'keep-alive',
382 silly get     'x-served-by': 'cache-cdg8729-CDG',
382 silly get     'x-cache': 'HIT',
382 silly get     'x-cache-hits': '1',
382 silly get     'x-timer': 'S1499851566.770243,VS0,VE0',
382 silly get     vary: 'Accept-Encoding, Accept' } ]
383 verbose etag https://registry.npmjs.org/sliced from cache
384 verbose get saving sliced to C:\Users\supun\AppData\Roaming\npm-cache\registry.npmjs.org\sliced\.cache.json
385 verbose correctMkdir C:\Users\supun\AppData\Roaming\npm-cache correctMkdir not in flight; initializing
386 http 304 https://registry.npmjs.org/regexp-clone
387 verbose headers { date: 'Wed, 12 Jul 2017 09:26:05 GMT',
387 verbose headers   via: '1.1 varnish',
387 verbose headers   'cache-control': 'max-age=300',
387 verbose headers   etag: 'W/"516f12a5-7d2"',
387 verbose headers   age: '63',
387 verbose headers   connection: 'keep-alive',
387 verbose headers   'x-served-by': 'cache-cdg8726-CDG',
387 verbose headers   'x-cache': 'HIT',
387 verbose headers   'x-cache-hits': '1',
387 verbose headers   'x-timer': 'S1499851566.780972,VS0,VE0',
387 verbose headers   vary: 'Accept-Encoding, Accept' }
388 silly get cb [ 304,
388 silly get   { date: 'Wed, 12 Jul 2017 09:26:05 GMT',
388 silly get     via: '1.1 varnish',
388 silly get     'cache-control': 'max-age=300',
388 silly get     etag: 'W/"516f12a5-7d2"',
388 silly get     age: '63',
388 silly get     connection: 'keep-alive',
388 silly get     'x-served-by': 'cache-cdg8726-CDG',
388 silly get     'x-cache': 'HIT',
388 silly get     'x-cache-hits': '1',
388 silly get     'x-timer': 'S1499851566.780972,VS0,VE0',
388 silly get     vary: 'Accept-Encoding, Accept' } ]
389 verbose etag https://registry.npmjs.org/regexp-clone from cache
390 verbose get saving regexp-clone to C:\Users\supun\AppData\Roaming\npm-cache\registry.npmjs.org\regexp-clone\.cache.json
391 verbose correctMkdir C:\Users\supun\AppData\Roaming\npm-cache correctMkdir not in flight; initializing
392 verbose get https://registry.npmjs.org/bson not expired, no request
393 silly addNameRange number 2 { name: 'bson', range: '>=1.0.4 <1.1.0', hasData: true }
394 silly addNameRange versions [ 'bson',
394 silly addNameRange   [ '0.0.1',
394 silly addNameRange     '0.0.2',
394 silly addNameRange     '0.0.3',
394 silly addNameRange     '0.0.4',
394 silly addNameRange     '0.0.5',
394 silly addNameRange     '0.0.6',
394 silly addNameRange     '0.0.7',
394 silly addNameRange     '0.0.8',
394 silly addNameRange     '0.0.9',
394 silly addNameRange     '0.1.0',
394 silly addNameRange     '0.1.1',
394 silly addNameRange     '0.1.3',
394 silly addNameRange     '0.1.4',
394 silly addNameRange     '0.1.5',
394 silly addNameRange     '0.1.6',
394 silly addNameRange     '0.1.7',
394 silly addNameRange     '0.1.8',
394 silly addNameRange     '0.1.9',
394 silly addNameRange     '0.2.0',
394 silly addNameRange     '0.2.1',
394 silly addNameRange     '0.2.2',
394 silly addNameRange     '0.2.3',
394 silly addNameRange     '0.2.4',
394 silly addNameRange     '0.2.5',
394 silly addNameRange     '0.2.6',
394 silly addNameRange     '0.2.7',
394 silly addNameRange     '0.2.8',
394 silly addNameRange     '0.2.9',
394 silly addNameRange     '0.2.10',
394 silly addNameRange     '0.2.11',
394 silly addNameRange     '0.2.12',
394 silly addNameRange     '0.2.13',
394 silly addNameRange     '0.2.14',
394 silly addNameRange     '0.2.15',
394 silly addNameRange     '0.2.16',
394 silly addNameRange     '0.2.17',
394 silly addNameRange     '0.2.18',
394 silly addNameRange     '0.2.19',
394 silly addNameRange     '0.2.20',
394 silly addNameRange     '0.2.21',
394 silly addNameRange     '0.3.0',
394 silly addNameRange     '0.3.1',
394 silly addNameRange     '0.3.2',
394 silly addNameRange     '0.4.0',
394 silly addNameRange     '0.4.1',
394 silly addNameRange     '0.4.2',
394 silly addNameRange     '0.4.3',
394 silly addNameRange     '0.4.4',
394 silly addNameRange     '0.4.5',
394 silly addNameRange     '0.4.6',
394 silly addNameRange     '0.4.7',
394 silly addNameRange     '0.4.8',
394 silly addNameRange     '0.2.22',
394 silly addNameRange     '0.4.10',
394 silly addNameRange     '0.4.12',
394 silly addNameRange     '0.4.13',
394 silly addNameRange     '0.4.14',
394 silly addNameRange     '0.4.15',
394 silly addNameRange     '0.4.16',
394 silly addNameRange     '0.4.17',
394 silly addNameRange     '0.4.18',
394 silly addNameRange     '0.4.19',
394 silly addNameRange     '0.4.20',
394 silly addNameRange     '0.4.21',
394 silly addNameRange     '0.4.22',
394 silly addNameRange     '0.4.23',
394 silly addNameRange     '0.5.0',
394 silly addNameRange     '0.5.1',
394 silly addNameRange     '0.5.2',
394 silly addNameRange     '0.5.3',
394 silly addNameRange     '0.5.4',
394 silly addNameRange     '0.5.5',
394 silly addNameRange     '0.5.6',
394 silly addNameRange     '0.5.7',
394 silly addNameRange     '1.0.0',
394 silly addNameRange     '1.0.1',
394 silly addNameRange     '1.0.2',
394 silly addNameRange     '1.0.3',
394 silly addNameRange     '1.0.4' ] ]
395 silly addNamed bson@1.0.4
396 verbose addNamed "1.0.4" is a plain semver version for bson
397 verbose get https://registry.npmjs.org/kareem not expired, no request
398 verbose get https://registry.npmjs.org/hooks-fixed not expired, no request
399 verbose get https://registry.npmjs.org/ms not expired, no request
400 silly mapToRegistry name bson
401 silly mapToRegistry using default registry
402 silly mapToRegistry registry https://registry.npmjs.org/
403 silly mapToRegistry data Result {
403 silly mapToRegistry   raw: 'bson',
403 silly mapToRegistry   scope: null,
403 silly mapToRegistry   escapedName: 'bson',
403 silly mapToRegistry   name: 'bson',
403 silly mapToRegistry   rawSpec: '',
403 silly mapToRegistry   spec: 'latest',
403 silly mapToRegistry   type: 'tag' }
404 silly mapToRegistry uri https://registry.npmjs.org/bson
405 verbose addRemoteTarball https://registry.npmjs.org/bson/-/bson-1.0.4.tgz not in flight; adding
406 verbose addRemoteTarball [ 'https://registry.npmjs.org/bson/-/bson-1.0.4.tgz',
406 verbose addRemoteTarball   '93c10d39eaa5b58415cbc4052f3e53e562b0b72c' ]
407 verbose get https://registry.npmjs.org/mpromise not expired, no request
408 verbose get https://registry.npmjs.org/mongodb not expired, no request
409 silly mapToRegistry name kareem
410 silly mapToRegistry using default registry
411 silly mapToRegistry registry https://registry.npmjs.org/
412 silly mapToRegistry data Result {
412 silly mapToRegistry   raw: 'kareem',
412 silly mapToRegistry   scope: null,
412 silly mapToRegistry   escapedName: 'kareem',
412 silly mapToRegistry   name: 'kareem',
412 silly mapToRegistry   rawSpec: '',
412 silly mapToRegistry   spec: 'latest',
412 silly mapToRegistry   type: 'tag' }
413 silly mapToRegistry uri https://registry.npmjs.org/kareem
414 verbose addRemoteTarball https://registry.npmjs.org/kareem/-/kareem-1.4.1.tgz not in flight; adding
415 verbose addRemoteTarball [ 'https://registry.npmjs.org/kareem/-/kareem-1.4.1.tgz',
415 verbose addRemoteTarball   'ed76200044fa041ef32b4da8261e2553f1173531' ]
416 silly mapToRegistry name hooks-fixed
417 silly mapToRegistry using default registry
418 silly mapToRegistry registry https://registry.npmjs.org/
419 silly mapToRegistry data Result {
419 silly mapToRegistry   raw: 'hooks-fixed',
419 silly mapToRegistry   scope: null,
419 silly mapToRegistry   escapedName: 'hooks-fixed',
419 silly mapToRegistry   name: 'hooks-fixed',
419 silly mapToRegistry   rawSpec: '',
419 silly mapToRegistry   spec: 'latest',
419 silly mapToRegistry   type: 'tag' }
420 silly mapToRegistry uri https://registry.npmjs.org/hooks-fixed
421 verbose addRemoteTarball https://registry.npmjs.org/hooks-fixed/-/hooks-fixed-2.0.0.tgz not in flight; adding
422 verbose addRemoteTarball [ 'https://registry.npmjs.org/hooks-fixed/-/hooks-fixed-2.0.0.tgz',
422 verbose addRemoteTarball   'a01d894d52ac7f6599bbb1f63dfc9c411df70cba' ]
423 info retry fetch attempt 1 at 2:56:06 PM
424 info attempt registry request try #1 at 2:56:06 PM
425 http fetch GET https://registry.npmjs.org/bson/-/bson-1.0.4.tgz
426 silly mapToRegistry name mongodb
427 silly mapToRegistry using default registry
428 silly mapToRegistry registry https://registry.npmjs.org/
429 silly mapToRegistry data Result {
429 silly mapToRegistry   raw: 'mongodb',
429 silly mapToRegistry   scope: null,
429 silly mapToRegistry   escapedName: 'mongodb',
429 silly mapToRegistry   name: 'mongodb',
429 silly mapToRegistry   rawSpec: '',
429 silly mapToRegistry   spec: 'latest',
429 silly mapToRegistry   type: 'tag' }
430 silly mapToRegistry uri https://registry.npmjs.org/mongodb
431 verbose addRemoteTarball https://registry.npmjs.org/mongodb/-/mongodb-2.2.27.tgz not in flight; adding
432 verbose addRemoteTarball [ 'https://registry.npmjs.org/mongodb/-/mongodb-2.2.27.tgz',
432 verbose addRemoteTarball   '34122034db66d983bcf6ab5adb26a24a70fef6e6' ]
433 info retry fetch attempt 1 at 2:56:06 PM
434 info attempt registry request try #1 at 2:56:06 PM
435 http fetch GET https://registry.npmjs.org/kareem/-/kareem-1.4.1.tgz
436 info retry fetch attempt 1 at 2:56:06 PM
437 info attempt registry request try #1 at 2:56:06 PM
438 http fetch GET https://registry.npmjs.org/hooks-fixed/-/hooks-fixed-2.0.0.tgz
439 silly resolveWithNewModule mpath@0.3.0 checking installable status
440 silly cache add args [ 'mpath@0.3.0', null ]
441 verbose cache add spec mpath@0.3.0
442 silly cache add parsed spec Result {
442 silly cache add   raw: 'mpath@0.3.0',
442 silly cache add   scope: null,
442 silly cache add   escapedName: 'mpath',
442 silly cache add   name: 'mpath',
442 silly cache add   rawSpec: '0.3.0',
442 silly cache add   spec: '0.3.0',
442 silly cache add   type: 'version' }
443 silly addNamed mpath@0.3.0
444 verbose addNamed "0.3.0" is a plain semver version for mpath
445 silly mapToRegistry name mpath
446 silly mapToRegistry using default registry
447 silly mapToRegistry registry https://registry.npmjs.org/
448 silly mapToRegistry data Result {
448 silly mapToRegistry   raw: 'mpath',
448 silly mapToRegistry   scope: null,
448 silly mapToRegistry   escapedName: 'mpath',
448 silly mapToRegistry   name: 'mpath',
448 silly mapToRegistry   rawSpec: '',
448 silly mapToRegistry   spec: 'latest',
448 silly mapToRegistry   type: 'tag' }
449 silly mapToRegistry uri https://registry.npmjs.org/mpath
450 verbose addNameVersion registry:https://registry.npmjs.org/mpath not in flight; fetching
451 silly resolveWithNewModule mquery@2.3.1 checking installable status
452 silly cache add args [ 'mquery@2.3.1', null ]
453 verbose cache add spec mquery@2.3.1
454 silly cache add parsed spec Result {
454 silly cache add   raw: 'mquery@2.3.1',
454 silly cache add   scope: null,
454 silly cache add   escapedName: 'mquery',
454 silly cache add   name: 'mquery',
454 silly cache add   rawSpec: '2.3.1',
454 silly cache add   spec: '2.3.1',
454 silly cache add   type: 'version' }
455 silly addNamed mquery@2.3.1
456 verbose addNamed "2.3.1" is a plain semver version for mquery
457 silly mapToRegistry name mquery
458 silly mapToRegistry using default registry
459 silly mapToRegistry registry https://registry.npmjs.org/
460 silly mapToRegistry data Result {
460 silly mapToRegistry   raw: 'mquery',
460 silly mapToRegistry   scope: null,
460 silly mapToRegistry   escapedName: 'mquery',
460 silly mapToRegistry   name: 'mquery',
460 silly mapToRegistry   rawSpec: '',
460 silly mapToRegistry   spec: 'latest',
460 silly mapToRegistry   type: 'tag' }
461 silly mapToRegistry uri https://registry.npmjs.org/mquery
462 verbose addNameVersion registry:https://registry.npmjs.org/mquery not in flight; fetching
463 info retry fetch attempt 1 at 2:56:06 PM
464 info attempt registry request try #1 at 2:56:06 PM
465 http fetch GET https://registry.npmjs.org/mongodb/-/mongodb-2.2.27.tgz
466 silly resolveWithNewModule muri@1.2.1 checking installable status
467 silly cache add args [ 'muri@1.2.1', null ]
468 verbose cache add spec muri@1.2.1
469 silly cache add parsed spec Result {
469 silly cache add   raw: 'muri@1.2.1',
469 silly cache add   scope: null,
469 silly cache add   escapedName: 'muri',
469 silly cache add   name: 'muri',
469 silly cache add   rawSpec: '1.2.1',
469 silly cache add   spec: '1.2.1',
469 silly cache add   type: 'version' }
470 silly addNamed muri@1.2.1
471 verbose addNamed "1.2.1" is a plain semver version for muri
472 silly mapToRegistry name muri
473 silly mapToRegistry using default registry
474 silly mapToRegistry registry https://registry.npmjs.org/
475 silly mapToRegistry data Result {
475 silly mapToRegistry   raw: 'muri',
475 silly mapToRegistry   scope: null,
475 silly mapToRegistry   escapedName: 'muri',
475 silly mapToRegistry   name: 'muri',
475 silly mapToRegistry   rawSpec: '',
475 silly mapToRegistry   spec: 'latest',
475 silly mapToRegistry   type: 'tag' }
476 silly mapToRegistry uri https://registry.npmjs.org/muri
477 verbose addNameVersion registry:https://registry.npmjs.org/muri not in flight; fetching
478 silly resolveWithNewModule sliced@1.0.1 checking installable status
479 silly cache add args [ 'sliced@1.0.1', null ]
480 verbose cache add spec sliced@1.0.1
481 silly cache add parsed spec Result {
481 silly cache add   raw: 'sliced@1.0.1',
481 silly cache add   scope: null,
481 silly cache add   escapedName: 'sliced',
481 silly cache add   name: 'sliced',
481 silly cache add   rawSpec: '1.0.1',
481 silly cache add   spec: '1.0.1',
481 silly cache add   type: 'version' }
482 silly addNamed sliced@1.0.1
483 verbose addNamed "1.0.1" is a plain semver version for sliced
484 silly mapToRegistry name sliced
485 silly mapToRegistry using default registry
486 silly mapToRegistry registry https://registry.npmjs.org/
487 silly mapToRegistry data Result {
487 silly mapToRegistry   raw: 'sliced',
487 silly mapToRegistry   scope: null,
487 silly mapToRegistry   escapedName: 'sliced',
487 silly mapToRegistry   name: 'sliced',
487 silly mapToRegistry   rawSpec: '',
487 silly mapToRegistry   spec: 'latest',
487 silly mapToRegistry   type: 'tag' }
488 silly mapToRegistry uri https://registry.npmjs.org/sliced
489 verbose addNameVersion registry:https://registry.npmjs.org/sliced not in flight; fetching
490 silly resolveWithNewModule regexp-clone@0.0.1 checking installable status
491 silly cache add args [ 'regexp-clone@0.0.1', null ]
492 verbose cache add spec regexp-clone@0.0.1
493 silly cache add parsed spec Result {
493 silly cache add   raw: 'regexp-clone@0.0.1',
493 silly cache add   scope: null,
493 silly cache add   escapedName: 'regexp-clone',
493 silly cache add   name: 'regexp-clone',
493 silly cache add   rawSpec: '0.0.1',
493 silly cache add   spec: '0.0.1',
493 silly cache add   type: 'version' }
494 silly addNamed regexp-clone@0.0.1
495 verbose addNamed "0.0.1" is a plain semver version for regexp-clone
496 silly mapToRegistry name regexp-clone
497 silly mapToRegistry using default registry
498 silly mapToRegistry registry https://registry.npmjs.org/
499 silly mapToRegistry data Result {
499 silly mapToRegistry   raw: 'regexp-clone',
499 silly mapToRegistry   scope: null,
499 silly mapToRegistry   escapedName: 'regexp-clone',
499 silly mapToRegistry   name: 'regexp-clone',
499 silly mapToRegistry   rawSpec: '',
499 silly mapToRegistry   spec: 'latest',
499 silly mapToRegistry   type: 'tag' }
500 silly mapToRegistry uri https://registry.npmjs.org/regexp-clone
501 verbose addNameVersion registry:https://registry.npmjs.org/regexp-clone not in flight; fetching
502 verbose get https://registry.npmjs.org/mpath not expired, no request
503 silly cache afterAdd mpromise@0.5.5
504 verbose afterAdd C:\Users\supun\AppData\Roaming\npm-cache\mpromise\0.5.5\package\package.json not in flight; writing
505 verbose correctMkdir C:\Users\supun\AppData\Roaming\npm-cache correctMkdir not in flight; initializing
506 verbose get https://registry.npmjs.org/mquery not expired, no request
507 silly mapToRegistry name mpath
508 silly mapToRegistry using default registry
509 silly mapToRegistry registry https://registry.npmjs.org/
510 silly mapToRegistry data Result {
510 silly mapToRegistry   raw: 'mpath',
510 silly mapToRegistry   scope: null,
510 silly mapToRegistry   escapedName: 'mpath',
510 silly mapToRegistry   name: 'mpath',
510 silly mapToRegistry   rawSpec: '',
510 silly mapToRegistry   spec: 'latest',
510 silly mapToRegistry   type: 'tag' }
511 silly mapToRegistry uri https://registry.npmjs.org/mpath
512 verbose addRemoteTarball https://registry.npmjs.org/mpath/-/mpath-0.3.0.tgz not in flight; adding
513 verbose addRemoteTarball [ 'https://registry.npmjs.org/mpath/-/mpath-0.3.0.tgz',
513 verbose addRemoteTarball   '7a58f789e9b5fd3c94520634157960f26bd5ef44' ]
514 verbose get https://registry.npmjs.org/muri not expired, no request
515 verbose get https://registry.npmjs.org/regexp-clone not expired, no request
516 verbose get https://registry.npmjs.org/sliced not expired, no request
517 silly mapToRegistry name mquery
518 silly mapToRegistry using default registry
519 silly mapToRegistry registry https://registry.npmjs.org/
520 silly mapToRegistry data Result {
520 silly mapToRegistry   raw: 'mquery',
520 silly mapToRegistry   scope: null,
520 silly mapToRegistry   escapedName: 'mquery',
520 silly mapToRegistry   name: 'mquery',
520 silly mapToRegistry   rawSpec: '',
520 silly mapToRegistry   spec: 'latest',
520 silly mapToRegistry   type: 'tag' }
521 silly mapToRegistry uri https://registry.npmjs.org/mquery
522 verbose addRemoteTarball https://registry.npmjs.org/mquery/-/mquery-2.3.1.tgz not in flight; adding
523 verbose addRemoteTarball [ 'https://registry.npmjs.org/mquery/-/mquery-2.3.1.tgz',
523 verbose addRemoteTarball   '9ab36749714800ff0bb53a681ce4bc4d5f07c87b' ]
524 silly mapToRegistry name muri
525 silly mapToRegistry using default registry
526 silly mapToRegistry registry https://registry.npmjs.org/
527 silly mapToRegistry data Result {
527 silly mapToRegistry   raw: 'muri',
527 silly mapToRegistry   scope: null,
527 silly mapToRegistry   escapedName: 'muri',
527 silly mapToRegistry   name: 'muri',
527 silly mapToRegistry   rawSpec: '',
527 silly mapToRegistry   spec: 'latest',
527 silly mapToRegistry   type: 'tag' }
528 silly mapToRegistry uri https://registry.npmjs.org/muri
529 verbose addRemoteTarball https://registry.npmjs.org/muri/-/muri-1.2.1.tgz not in flight; adding
530 verbose addRemoteTarball [ 'https://registry.npmjs.org/muri/-/muri-1.2.1.tgz',
530 verbose addRemoteTarball   'ec7ea5ce6ca6a523eb1ab35bacda5fa816c9aa3c' ]
531 info retry fetch attempt 1 at 2:56:06 PM
532 info attempt registry request try #1 at 2:56:06 PM
533 http fetch GET https://registry.npmjs.org/mpath/-/mpath-0.3.0.tgz
534 info retry fetch attempt 1 at 2:56:06 PM
535 info attempt registry request try #1 at 2:56:06 PM
536 http fetch GET https://registry.npmjs.org/mquery/-/mquery-2.3.1.tgz
537 info retry fetch attempt 1 at 2:56:06 PM
538 info attempt registry request try #1 at 2:56:06 PM
539 http fetch GET https://registry.npmjs.org/muri/-/muri-1.2.1.tgz
540 silly cache afterAdd ms@2.0.0
541 verbose afterAdd C:\Users\supun\AppData\Roaming\npm-cache\ms\2.0.0\package\package.json not in flight; writing
542 verbose correctMkdir C:\Users\supun\AppData\Roaming\npm-cache correctMkdir not in flight; initializing
543 verbose afterAdd C:\Users\supun\AppData\Roaming\npm-cache\mpromise\0.5.5\package\package.json written
544 silly cache afterAdd sliced@1.0.1
545 verbose afterAdd C:\Users\supun\AppData\Roaming\npm-cache\sliced\1.0.1\package\package.json not in flight; writing
546 verbose correctMkdir C:\Users\supun\AppData\Roaming\npm-cache correctMkdir not in flight; initializing
547 verbose afterAdd C:\Users\supun\AppData\Roaming\npm-cache\ms\2.0.0\package\package.json written
548 verbose afterAdd C:\Users\supun\AppData\Roaming\npm-cache\sliced\1.0.1\package\package.json written
549 http fetch 200 https://registry.npmjs.org/bson/-/bson-1.0.4.tgz
550 silly cache afterAdd regexp-clone@0.0.1
551 verbose afterAdd C:\Users\supun\AppData\Roaming\npm-cache\regexp-clone\0.0.1\package\package.json not in flight; writing
552 verbose correctMkdir C:\Users\supun\AppData\Roaming\npm-cache correctMkdir not in flight; initializing
553 verbose afterAdd C:\Users\supun\AppData\Roaming\npm-cache\regexp-clone\0.0.1\package\package.json written
554 http fetch 200 https://registry.npmjs.org/hooks-fixed/-/hooks-fixed-2.0.0.tgz
555 warn retry will retry, error on last attempt: Error: EBUSY: resource busy or locked, rename 'C:\Users\supun\AppData\Local\Temp\npm-10268-20a81f69\registry.npmjs.org\hooks-fixed\-\hooks-fixed-2.0.0.tgz.320479785' -> 'C:\Users\supun\AppData\Local\Temp\npm-10268-20a81f69\registry.npmjs.org\hooks-fixed\-\hooks-fixed-2.0.0.tgz'
556 verbose stack TypeError: tarball.destroy is not a function
556 verbose stack     at WriteStreamAtomic.<anonymous> (C:\Users\supun\Documents\node_modules\npm\lib\cache\add-remote-tarball.js:97:15)
556 verbose stack     at emitOne (events.js:101:20)
556 verbose stack     at WriteStreamAtomic.emit (events.js:188:7)
556 verbose stack     at WriteStreamAtomic.emit (C:\Users\supun\Documents\node_modules\npm\node_modules\fs-write-stream-atomic\index.js:60:34)
556 verbose stack     at C:\Users\supun\Documents\node_modules\npm\node_modules\fs-write-stream-atomic\index.js:89:19
556 verbose stack     at FSReqWrap.oncomplete (fs.js:123:15)
557 verbose cwd C:\Users\supun\Documents\Node-Pro-Zup
558 error Windows_NT 10.0.14393
559 error argv "C:\\Users\\supun\\Documents\\node.exe" "C:\\Users\\supun\\Documents\\node_modules\\npm\\bin\\npm-cli.js" "install" "mongoose@4.10.8" "--save"
560 error node v6.10.2
561 error npm  v3.10.10
562 error tarball.destroy is not a function
563 error If you need help, you may report this error at:
563 error     <https://github.com/npm/npm/issues>
564 verbose exit [ 1, true ]
